#
# A fatal error has been detected by the Java Runtime Environment:
#
#  SIGSEGV (0xb) at pc=0x00007f001c679a75, pid=26663, tid=139638248240896
#
# JRE version: OpenJDK Runtime Environment (7.0_65-b32) (build 1.7.0_65-b32)
# Java VM: OpenJDK 64-Bit Server VM (24.65-b04 mixed mode linux-amd64 compressed oops)
# Derivative: IcedTea 2.5.3
# Distribution: Ubuntu 14.04 LTS, package 7u71-2.5.3-0ubuntu0.14.04.1
# Problematic frame:
# V  [libjvm.so+0x64ba75]  JNIHandles::checked_resolve_jmethod_id(_jmethodID*)+0x35
#
# Failed to write core dump. Core dumps have been disabled. To enable core dumping, try "ulimit -c unlimited" before starting Java again
#
# If you would like to submit a bug report, please include
# instructions on how to reproduce the bug and visit:
#   http://icedtea.classpath.org/bugzilla
#

---------------  T H R E A D  ---------------

Current thread (0x00007f00140b9800):  JavaThread "JDWP Transport Listener: dt_socket" daemon [_thread_in_vm, id=26673, stack(0x00007f00101ef000,0x00007f00102f0000)]

siginfo:si_signo=SIGSEGV: si_errno=0, si_code=1 (SEGV_MAPERR), si_addr=0x0000000720003950

Registers:
RAX=0x00007f001cded400, RBX=0x00007effe4000738, RCX=0x0000000000000003, RDX=0x0000000720003940
RSP=0x00007f00102ee9b0, RBP=0x00007f00102ee9c0, RSI=0x00007f00140b9800, RDI=0x00007effe400fe00
R8 =0x0000000000000000, R9 =0x00007effe4007a60, R10=0x00007f00102ee9b0, R11=0x0000000000000008
R12=0x00007f00102eea97, R13=0x00007effe400fe00, R14=0x00007f00140b9800, R15=0x00007f00102ee9e0
RIP=0x00007f001c679a75, EFLAGS=0x0000000000010202, CSGSFS=0x0000000000000033, ERR=0x0000000000000004
  TRAPNO=0x000000000000000e

Top of Stack: (sp=0x00007f00102ee9b0)
0x00007f00102ee9b0:   00007f00102eea97 00007f0014005180
0x00007f00102ee9c0:   00007f00102eea30 00007f001c66eea3
0x00007f00102ee9d0:   00007f001ce137ec 00007f001c6b9806
0x00007f00102ee9e0:   00007f00140b9800 0000000000000000
0x00007f00102ee9f0:   00007f0000000000 0000000000000000
0x00007f00102eea00:   00007f00102eeb80 00007f00102eea97
0x00007f00102eea10:   00007f001b1c6f00 00007effe400fe00
0x00007f00102eea20:   00007f00102eea97 00007f00102eea9c
0x00007f00102eea30:   00007f00102eea60 00007f001afb2ab9
0x00007f00102eea40:   00007f00102eea60 0000000000000008
0x00007f00102eea50:   00007f00102eeb80 00007effe400fe00
0x00007f00102eea60:   00007f00102eeaf0 00007f001af935f8
0x00007f00102eea70:   00007f00102eeab0 00007f00102eeab0
0x00007f00102eea80:   00007f00102eeab8 000000011af984c9
0x00007f00102eea90:   00007f00102eeb50 0000000100000009
0x00007f00102eeaa0:   00007effe4007640 0000000000000000
0x00007f00102eeab0:   0000000000000000 0000000000000000
0x00007f00102eeac0:   00007f00102eeb50 00000000000f0200
0x00007f00102eead0:   00007f00102eeb50 0000000000000002
0x00007f00102eeae0:   00007f00102eeb80 00007f001b1c6f00
0x00007f00102eeaf0:   00007f00102eed40 00007f001af9d688
0x00007f00102eeb00:   0000765400000013 00007effe40f0200
0x00007f00102eeb10:   00007effdc000bb0 00007f001c62184c
0x00007f00102eeb20:   00007f00140bbdf0 00007effdc00080f
0x00007f00102eeb30:   0000765400000013 00007effe40f0200
0x00007f00102eeb40:   00007effdc000bb0 00007f00140b1448
0x00007f00102eeb50:   00007effdc000bb8 000000000000000b
0x00007f00102eeb60:   0000765400000013 00007effe40f0200
0x00007f00102eeb70:   00007effdc000bb0 00007effe400e630
0x00007f00102eeb80:   00007effe40079c3 0000000000000095
0x00007f00102eeb90:   00007effe400e610 00007f000000012c
0x00007f00102eeba0:   00007f00102eebd0 00007effe400e610 

Instructions: (pc=0x00007f001c679a75)
0x00007f001c679a55:   83 ec 08 48 8b 1f 48 39 c3 74 38 48 85 db 74 33
0x00007f001c679a65:   48 8d 05 d7 fa 78 00 80 38 00 75 37 48 8b 53 08
0x00007f001c679a75:   48 8b 42 10 48 8d 7a 10 ff 90 28 01 00 00 84 c0
0x00007f001c679a85:   74 11 48 83 c4 08 48 89 d8 5b 5d c3 0f 1f 80 00 

Register to memory mapping:

RAX=0x00007f001cded400: <offset 0xdbf400> in /usr/lib/jvm/java-7-openjdk-amd64/jre/lib/amd64/server/libjvm.so at 0x00007f001c02e000
RBX=0x00007effe4000738 is an unknown value
RCX=0x0000000000000003 is an unknown value
RDX=0x0000000720003940 is an unknown value
RSP=0x00007f00102ee9b0 is pointing into the stack for thread: 0x00007f00140b9800
RBP=0x00007f00102ee9c0 is pointing into the stack for thread: 0x00007f00140b9800
RSI=0x00007f00140b9800 is a thread
RDI=0x00007effe400fe00 is an unknown value
R8 =0x0000000000000000 is an unknown value
R9 =0x00007effe4007a60 is an unknown value
R10=0x00007f00102ee9b0 is pointing into the stack for thread: 0x00007f00140b9800
R11=0x0000000000000008 is an unknown value
R12=0x00007f00102eea97 is pointing into the stack for thread: 0x00007f00140b9800
R13=0x00007effe400fe00 is an unknown value
R14=0x00007f00140b9800 is a thread
R15=0x00007f00102ee9e0 is pointing into the stack for thread: 0x00007f00140b9800


Stack: [0x00007f00101ef000,0x00007f00102f0000],  sp=0x00007f00102ee9b0,  free space=1022k
Native frames: (J=compiled Java code, j=interpreted, Vv=VM code, C=native code)
V  [libjvm.so+0x64ba75]  JNIHandles::checked_resolve_jmethod_id(_jmethodID*)+0x35
V  [libjvm.so+0x640ea3]  jvmti_IsMethodSynthetic+0x1f3
C  [libjdwp.so+0x26ab9]
C  [libjdwp.so+0x75f8]
C  [libjdwp.so+0x11688]
C  [libjdwp.so+0x23795]
V  [libjvm.so+0x6aa58b]  JvmtiAgentThread::start_function_wrapper(JavaThread*, Thread*)+0x9b
V  [libjvm.so+0x8ffba0]  JavaThread::thread_main_inner()+0xf0
V  [libjvm.so+0x8ffe11]  JavaThread::run()+0x221
V  [libjvm.so+0x7c4ac2]  java_start(Thread*)+0xf2


---------------  P R O C E S S  ---------------

Java Threads: ( => current thread )
  0x00007f00144c9000 JavaThread "ScalaTest-dispatcher" [_thread_blocked, id=26682, stack(0x00007f000a18c000,0x00007f000a28d000)]
  0x00007f00140c5000 JavaThread "Service Thread" daemon [_thread_blocked, id=26680, stack(0x00007f000bbfc000,0x00007f000bcfd000)]
  0x00007f00140c2800 JavaThread "C2 CompilerThread1" daemon [_thread_blocked, id=26679, stack(0x00007f000bcfd000,0x00007f000bdfe000)]
  0x00007f00140bf800 JavaThread "C2 CompilerThread0" daemon [_thread_blocked, id=26678, stack(0x00007f000bdfe000,0x00007f000beff000)]
  0x00007effe4001000 JavaThread "JDWP Command Reader" daemon [_thread_in_native, id=26675, stack(0x00007f000beff000,0x00007f000c000000)]
  0x00007f00140bd800 JavaThread "JDWP Event Helper Thread" daemon [_thread_blocked, id=26674, stack(0x00007f00100ee000,0x00007f00101ef000)]
=>0x00007f00140b9800 JavaThread "JDWP Transport Listener: dt_socket" daemon [_thread_in_vm, id=26673, stack(0x00007f00101ef000,0x00007f00102f0000)]
  0x00007f00140ac800 JavaThread "Signal Dispatcher" daemon [_thread_blocked, id=26672, stack(0x00007f00104f5000,0x00007f00105f6000)]
  0x00007f0014080800 JavaThread "Finalizer" daemon [_thread_blocked, id=26671, stack(0x00007f00105f6000,0x00007f00106f7000)]
  0x00007f001407e800 JavaThread "Reference Handler" daemon [_thread_blocked, id=26670, stack(0x00007f00106f7000,0x00007f00107f8000)]
  0x00007f001400f000 JavaThread "ScalaTest-run-running-WikiPageLoaderTests" [_thread_blocked, id=26664, stack(0x00007f001db38000,0x00007f001dc39000)]

Other Threads:
  0x00007f001407a000 VMThread [stack: 0x00007f00107f8000,0x00007f00108f9000] [id=26669]
  0x00007f00140cf800 WatcherThread [stack: 0x00007f000bafb000,0x00007f000bbfc000] [id=26681]

VM state:not at safepoint (normal execution)

VM Mutex/Monitor currently owned by a thread: None

Heap
 PSYoungGen      total 68608K, used 10735K [0x00000007d7600000, 0x00000007dbe00000, 0x0000000800000000)
  eden space 63488K, 8% used [0x00000007d7600000,0x00000007d7b80c88,0x00000007db400000)
  from space 5120K, 99% used [0x00000007db900000,0x00000007dbdfb2b8,0x00000007dbe00000)
  to   space 5120K, 0% used [0x00000007db400000,0x00000007db400000,0x00000007db900000)
 ParOldGen       total 82944K, used 1778K [0x0000000786200000, 0x000000078b300000, 0x00000007d7600000)
  object space 82944K, 2% used [0x0000000786200000,0x00000007863bcb20,0x000000078b300000)
 PSPermGen       total 21504K, used 17665K [0x000000077bc00000, 0x000000077d100000, 0x0000000786200000)
  object space 21504K, 82% used [0x000000077bc00000,0x000000077cd40670,0x000000077d100000)

Card table byte_map: [0x00007f0019709000,0x00007f0019b2c000] byte_map_base: 0x00007f0015b2b000

Polling page: 0x00007f001dc5c000

Code Cache  [0x00007f0011000000, 0x00007f0011270000, 0x00007f0014000000)
 total_blobs=514 nmethods=163 adapters=313 free_code_cache=48147Kb largest_free_block=49230144

Compilation events (10 events):
Event: 16.813 Thread 0x00007f00140bf800  171             java.util.regex.Pattern$Node::match (27 bytes)
Event: 16.814 Thread 0x00007f00140bf800 nmethod 171 0x00007f0011091e90 code [0x00007f0011091fe0, 0x00007f0011092138]
Event: 16.820 Thread 0x00007f00140c2800  172             java.util.regex.Pattern$CharProperty::match (56 bytes)
Event: 16.820 Thread 0x00007f00140bf800  173             java.lang.Character::codePointAt (51 bytes)
Event: 16.823 Thread 0x00007f00140bf800 nmethod 173 0x00007f0011099710 code [0x00007f0011099880, 0x00007f0011099ac8]
Event: 16.823 Thread 0x00007f00140bf800  174             java.util.regex.Pattern$Dot::isSatisfiedBy (34 bytes)
Event: 16.824 Thread 0x00007f00140bf800 nmethod 174 0x00007f00110e8350 code [0x00007f00110e8480, 0x00007f00110e8518]
Event: 16.825 Thread 0x00007f00140bf800  175             java.util.regex.Pattern$Curly::match1 (63 bytes)
Event: 16.827 Thread 0x00007f00140c2800 nmethod 172 0x00007f00110ec490 code [0x00007f00110ec640, 0x00007f00110ecbe8]
Event: 16.845 Thread 0x00007f00140bf800 nmethod 175 0x00007f00110faa50 code [0x00007f00110faca0, 0x00007f00110fbce0]

GC Heap History (4 events):
Event: 1.001 GC heap before
{Heap before GC invocations=1 (full 0):
 PSYoungGen      total 36864K, used 31744K [0x00000007d7600000, 0x00000007d9f00000, 0x0000000800000000)
  eden space 31744K, 100% used [0x00000007d7600000,0x00000007d9500000,0x00000007d9500000)
  from space 5120K, 0% used [0x00000007d9a00000,0x00000007d9a00000,0x00000007d9f00000)
  to   space 5120K, 0% used [0x00000007d9500000,0x00000007d9500000,0x00000007d9a00000)
 ParOldGen       total 82944K, used 0K [0x0000000786200000, 0x000000078b300000, 0x00000007d7600000)
  object space 82944K, 0% used [0x0000000786200000,0x0000000786200000,0x000000078b300000)
 PSPermGen       total 21504K, used 9253K [0x000000077bc00000, 0x000000077d100000, 0x0000000786200000)
  object space 21504K, 43% used [0x000000077bc00000,0x000000077c509730,0x000000077d100000)
Event: 1.015 GC heap after
Heap after GC invocations=1 (full 0):
 PSYoungGen      total 36864K, used 4589K [0x00000007d7600000, 0x00000007dbe00000, 0x0000000800000000)
  eden space 31744K, 0% used [0x00000007d7600000,0x00000007d7600000,0x00000007d9500000)
  from space 5120K, 89% used [0x00000007d9500000,0x00000007d997b578,0x00000007d9a00000)
  to   space 5120K, 0% used [0x00000007db900000,0x00000007db900000,0x00000007dbe00000)
 ParOldGen       total 82944K, used 0K [0x0000000786200000, 0x000000078b300000, 0x00000007d7600000)
  object space 82944K, 0% used [0x0000000786200000,0x0000000786200000,0x000000078b300000)
 PSPermGen       total 21504K, used 9253K [0x000000077bc00000, 0x000000077d100000, 0x0000000786200000)
  object space 21504K, 43% used [0x000000077bc00000,0x000000077c509730,0x000000077d100000)
}
Event: 3.353 GC heap before
{Heap before GC invocations=2 (full 0):
 PSYoungGen      total 36864K, used 36333K [0x00000007d7600000, 0x00000007dbe00000, 0x0000000800000000)
  eden space 31744K, 100% used [0x00000007d7600000,0x00000007d9500000,0x00000007d9500000)
  from space 5120K, 89% used [0x00000007d9500000,0x00000007d997b578,0x00000007d9a00000)
  to   space 5120K, 0% used [0x00000007db900000,0x00000007db900000,0x00000007dbe00000)
 ParOldGen       total 82944K, used 0K [0x0000000786200000, 0x000000078b300000, 0x00000007d7600000)
  object space 82944K, 0% used [0x0000000786200000,0x0000000786200000,0x000000078b300000)
 PSPermGen       total 21504K, used 17217K [0x000000077bc00000, 0x000000077d100000, 0x0000000786200000)
  object space 21504K, 80% used [0x000000077bc00000,0x000000077ccd0410,0x000000077d100000)
Event: 3.376 GC heap after
Heap after GC invocations=2 (full 0):
 PSYoungGen      total 68608K, used 5100K [0x00000007d7600000, 0x00000007dbe00000, 0x0000000800000000)
  eden space 63488K, 0% used [0x00000007d7600000,0x00000007d7600000,0x00000007db400000)
  from space 5120K, 99% used [0x00000007db900000,0x00000007dbdfb2b8,0x00000007dbe00000)
  to   space 5120K, 0% used [0x00000007db400000,0x00000007db400000,0x00000007db900000)
 ParOldGen       total 82944K, used 1778K [0x0000000786200000, 0x000000078b300000, 0x00000007d7600000)
  object space 82944K, 2% used [0x0000000786200000,0x00000007863bcb20,0x000000078b300000)
 PSPermGen       total 21504K, used 17217K [0x000000077bc00000, 0x000000077d100000, 0x0000000786200000)
  object space 21504K, 80% used [0x000000077bc00000,0x000000077ccd0410,0x000000077d100000)
}

Deoptimization events (10 events):
Event: 1.117 Thread 0x00007f001400f000 Uncommon trap: reason=unreached action=reinterpret pc=0x00007f0011094bf8 method=sun.misc.URLClassPath$JarLoader.getResource(Ljava/lang/String;Z)Lsun/misc/Resource; @ 4
Event: 1.118 Thread 0x00007f001400f000 Uncommon trap: reason=unreached action=reinterpret pc=0x00007f00110914a4 method=java.net.URL.<init>(Ljava/net/URL;Ljava/lang/String;Ljava/net/URLStreamHandler;)V @ 228
Event: 1.372 Thread 0x00007f001400f000 Uncommon trap: reason=class_check action=maybe_recompile pc=0x00007f001109943c method=java.util.Properties$LineReader.readLine()I @ 62
Event: 1.373 Thread 0x00007f001400f000 Uncommon trap: reason=class_check action=maybe_recompile pc=0x00007f001109943c method=java.util.Properties$LineReader.readLine()I @ 62
Event: 1.373 Thread 0x00007f001400f000 Uncommon trap: reason=class_check action=maybe_recompile pc=0x00007f001109943c method=java.util.Properties$LineReader.readLine()I @ 62
Event: 1.373 Thread 0x00007f001400f000 Uncommon trap: reason=class_check action=maybe_recompile pc=0x00007f001109943c method=java.util.Properties$LineReader.readLine()I @ 62
Event: 1.396 Thread 0x00007f001400f000 Uncommon trap: reason=null_check action=make_not_entrant pc=0x00007f001106bed0 method=java.lang.String.equals(Ljava/lang/Object;)Z @ 8
Event: 1.470 Thread 0x00007f001400f000 Uncommon trap: reason=unreached action=reinterpret pc=0x00007f00110753d8 method=java.lang.AbstractStringBuilder.append(Ljava/lang/String;)Ljava/lang/AbstractStringBuilder; @ 1
Event: 1.638 Thread 0x00007f001400f000 Uncommon trap: reason=unloaded action=reinterpret pc=0x00007f00110b79d4 method=java.lang.CharacterData.of(I)Ljava/lang/CharacterData; @ 96
Event: 1.729 Thread 0x00007f001400f000 Uncommon trap: reason=unreached action=reinterpret pc=0x00007f00110c1d64 method=java.util.Arrays.equals([B[B)Z @ 12

Internal exceptions (10 events):
Event: 3.437 Thread 0x00007f001400f000 Threw 0x00000007d76e2728 at /build/buildd/openjdk-7-7u71-2.5.3/build/openjdk/hotspot/src/share/vm/prims/jvm.cpp:1284
Event: 3.437 Thread 0x00007f001400f000 Threw 0x00000007d76eaa28 at /build/buildd/openjdk-7-7u71-2.5.3/build/openjdk/hotspot/src/share/vm/prims/jvm.cpp:1284
Event: 3.438 Thread 0x00007f001400f000 Threw 0x00000007d76f4e00 at /build/buildd/openjdk-7-7u71-2.5.3/build/openjdk/hotspot/src/share/vm/prims/jvm.cpp:1284
Event: 3.439 Thread 0x00007f001400f000 Threw 0x00000007d76fa8c0 at /build/buildd/openjdk-7-7u71-2.5.3/build/openjdk/hotspot/src/share/vm/prims/jvm.cpp:1284
Event: 3.439 Thread 0x00007f001400f000 Threw 0x00000007d7700f48 at /build/buildd/openjdk-7-7u71-2.5.3/build/openjdk/hotspot/src/share/vm/prims/jvm.cpp:1284
Event: 3.440 Thread 0x00007f001400f000 Threw 0x00000007d770a1b0 at /build/buildd/openjdk-7-7u71-2.5.3/build/openjdk/hotspot/src/share/vm/prims/jvm.cpp:1284
Event: 3.447 Thread 0x00007f001400f000 Threw 0x00000007d7719178 at /build/buildd/openjdk-7-7u71-2.5.3/build/openjdk/hotspot/src/share/vm/prims/jvm.cpp:1284
Event: 3.448 Thread 0x00007f001400f000 Threw 0x00000007d77205c0 at /build/buildd/openjdk-7-7u71-2.5.3/build/openjdk/hotspot/src/share/vm/prims/jvm.cpp:1284
Event: 3.448 Thread 0x00007f001400f000 Threw 0x00000007d7727d78 at /build/buildd/openjdk-7-7u71-2.5.3/build/openjdk/hotspot/src/share/vm/prims/jvm.cpp:1284
Event: 3.494 Thread 0x00007f001400f000 Threw 0x00000007d7758508 at /build/buildd/openjdk-7-7u71-2.5.3/build/openjdk/hotspot/src/share/vm/prims/jvm.cpp:1284

Events (10 events):
Event: 1117.715 Executing VM operation: RedefineClasses
Event: 1117.720 Executing VM operation: RedefineClasses done
Event: 1207.103 Executing VM operation: RedefineClasses
Event: 1207.108 Executing VM operation: RedefineClasses done
Event: 26138.526 Executing VM operation: ChangeBreakpoints
Event: 26138.526 Executing VM operation: ChangeBreakpoints done
Event: 26182.935 Executing VM operation: ChangeBreakpoints
Event: 26182.935 Executing VM operation: ChangeBreakpoints done
Event: 26182.978 Executing VM operation: ChangeBreakpoints
Event: 26182.978 Executing VM operation: ChangeBreakpoints done


Dynamic libraries:
00400000-00401000 r-xp 00000000 fc:00 13114874                           /usr/lib/jvm/java-7-openjdk-amd64/jre/bin/java
00600000-00601000 r--p 00000000 fc:00 13114874                           /usr/lib/jvm/java-7-openjdk-amd64/jre/bin/java
00601000-00602000 rw-p 00001000 fc:00 13114874                           /usr/lib/jvm/java-7-openjdk-amd64/jre/bin/java
00ccf000-00cf0000 rw-p 00000000 00:00 0                                  [heap]
77bc00000-77d100000 rw-p 00000000 00:00 0 
77d100000-786200000 rw-p 00000000 00:00 0 
786200000-78b300000 rw-p 00000000 00:00 0 
78b300000-7d7600000 rw-p 00000000 00:00 0 
7d7600000-7dbe00000 rw-p 00000000 00:00 0 
7dbe00000-800000000 rw-p 00000000 00:00 0 
7effc0000000-7effc0021000 rw-p 00000000 00:00 0 
7effc0021000-7effc4000000 ---p 00000000 00:00 0 
7effc4000000-7effc4021000 rw-p 00000000 00:00 0 
7effc4021000-7effc8000000 ---p 00000000 00:00 0 
7effc8000000-7effc8021000 rw-p 00000000 00:00 0 
7effc8021000-7effcc000000 ---p 00000000 00:00 0 
7effcc000000-7effcc679000 rw-p 00000000 00:00 0 
7effcc679000-7effd0000000 ---p 00000000 00:00 0 
7effd0000000-7effd088e000 rw-p 00000000 00:00 0 
7effd088e000-7effd4000000 ---p 00000000 00:00 0 
7effd4000000-7effd4021000 rw-p 00000000 00:00 0 
7effd4021000-7effd8000000 ---p 00000000 00:00 0 
7effd8000000-7effd8038000 rw-p 00000000 00:00 0 
7effd8038000-7effdc000000 ---p 00000000 00:00 0 
7effdc000000-7effdc021000 rw-p 00000000 00:00 0 
7effdc021000-7effe0000000 ---p 00000000 00:00 0 
7effe0000000-7effe0021000 rw-p 00000000 00:00 0 
7effe0021000-7effe4000000 ---p 00000000 00:00 0 
7effe4000000-7effe40f0000 rw-p 00000000 00:00 0 
7effe40f0000-7effe8000000 ---p 00000000 00:00 0 
7effe8000000-7effe8021000 rw-p 00000000 00:00 0 
7effe8021000-7effec000000 ---p 00000000 00:00 0 
7effec000000-7effec021000 rw-p 00000000 00:00 0 
7effec021000-7efff0000000 ---p 00000000 00:00 0 
7efff0000000-7efff0021000 rw-p 00000000 00:00 0 
7efff0021000-7efff4000000 ---p 00000000 00:00 0 
7efff7de0000-7efffc000000 rw-p 00000000 00:00 0 
7efffc000000-7efffc021000 rw-p 00000000 00:00 0 
7efffc021000-7f0000000000 ---p 00000000 00:00 0 
7f0000000000-7f0000021000 rw-p 00000000 00:00 0 
7f0000021000-7f0004000000 ---p 00000000 00:00 0 
7f0004000000-7f0004021000 rw-p 00000000 00:00 0 
7f0004021000-7f0008000000 ---p 00000000 00:00 0 
7f000859f000-7f0008700000 rw-p 00000000 00:00 0 
7f0008700000-7f0008703000 ---p 00000000 00:00 0 
7f0008703000-7f0008801000 rw-p 00000000 00:00 0 
7f0008801000-7f0008806000 r-xp 00000000 fc:00 7864410                    /lib/x86_64-linux-gnu/libnss_dns-2.19.so
7f0008806000-7f0008a05000 ---p 00005000 fc:00 7864410                    /lib/x86_64-linux-gnu/libnss_dns-2.19.so
7f0008a05000-7f0008a06000 r--p 00004000 fc:00 7864410                    /lib/x86_64-linux-gnu/libnss_dns-2.19.so
7f0008a06000-7f0008a07000 rw-p 00005000 fc:00 7864410                    /lib/x86_64-linux-gnu/libnss_dns-2.19.so
7f0008a07000-7f0008a09000 r-xp 00000000 fc:00 7868381                    /lib/x86_64-linux-gnu/libnss_mdns4_minimal.so.2
7f0008a09000-7f0008c08000 ---p 00002000 fc:00 7868381                    /lib/x86_64-linux-gnu/libnss_mdns4_minimal.so.2
7f0008c08000-7f0008c09000 r--p 00001000 fc:00 7868381                    /lib/x86_64-linux-gnu/libnss_mdns4_minimal.so.2
7f0008c09000-7f0008c0a000 rw-p 00002000 fc:00 7868381                    /lib/x86_64-linux-gnu/libnss_mdns4_minimal.so.2
7f0008c0a000-7f0008c82000 r-xp 00000000 fc:00 13370210                   /usr/lib/x86_64-linux-gnu/nss/libfreebl3.so
7f0008c82000-7f0008e82000 ---p 00078000 fc:00 13370210                   /usr/lib/x86_64-linux-gnu/nss/libfreebl3.so
7f0008e82000-7f0008e84000 r--p 00078000 fc:00 13370210                   /usr/lib/x86_64-linux-gnu/nss/libfreebl3.so
7f0008e84000-7f0008e85000 rw-p 0007a000 fc:00 13370210                   /usr/lib/x86_64-linux-gnu/nss/libfreebl3.so
7f0008e85000-7f0008e89000 rw-p 00000000 00:00 0 
7f0008e89000-7f0008f3d000 r-xp 00000000 fc:00 12984801                   /usr/lib/x86_64-linux-gnu/libsqlite3.so.0.8.6
7f0008f3d000-7f000913d000 ---p 000b4000 fc:00 12984801                   /usr/lib/x86_64-linux-gnu/libsqlite3.so.0.8.6
7f000913d000-7f000913f000 r--p 000b4000 fc:00 12984801                   /usr/lib/x86_64-linux-gnu/libsqlite3.so.0.8.6
7f000913f000-7f0009141000 rw-p 000b6000 fc:00 12984801                   /usr/lib/x86_64-linux-gnu/libsqlite3.so.0.8.6
7f0009141000-7f0009142000 rw-p 00000000 00:00 0 
7f0009142000-7f0009182000 r-xp 00000000 fc:00 13370214                   /usr/lib/x86_64-linux-gnu/nss/libsoftokn3.so
7f0009182000-7f0009382000 ---p 00040000 fc:00 13370214                   /usr/lib/x86_64-linux-gnu/nss/libsoftokn3.so
7f0009382000-7f0009383000 r--p 00040000 fc:00 13370214                   /usr/lib/x86_64-linux-gnu/nss/libsoftokn3.so
7f0009383000-7f0009384000 rw-p 00041000 fc:00 13370214                   /usr/lib/x86_64-linux-gnu/nss/libsoftokn3.so
7f0009384000-7f00093bc000 r-xp 00000000 fc:00 12978309                   /usr/lib/x86_64-linux-gnu/libnspr4.so
7f00093bc000-7f00095bc000 ---p 00038000 fc:00 12978309                   /usr/lib/x86_64-linux-gnu/libnspr4.so
7f00095bc000-7f00095bd000 r--p 00038000 fc:00 12978309                   /usr/lib/x86_64-linux-gnu/libnspr4.so
7f00095bd000-7f00095be000 rw-p 00039000 fc:00 12978309                   /usr/lib/x86_64-linux-gnu/libnspr4.so
7f00095be000-7f00095c1000 rw-p 00000000 00:00 0 
7f00095c1000-7f00095c4000 r-xp 00000000 fc:00 12978307                   /usr/lib/x86_64-linux-gnu/libplds4.so
7f00095c4000-7f00097c3000 ---p 00003000 fc:00 12978307                   /usr/lib/x86_64-linux-gnu/libplds4.so
7f00097c3000-7f00097c4000 r--p 00002000 fc:00 12978307                   /usr/lib/x86_64-linux-gnu/libplds4.so
7f00097c4000-7f00097c5000 rw-p 00003000 fc:00 12978307                   /usr/lib/x86_64-linux-gnu/libplds4.so
7f00097c5000-7f00097c9000 r-xp 00000000 fc:00 12978308                   /usr/lib/x86_64-linux-gnu/libplc4.so
7f00097c9000-7f00099c8000 ---p 00004000 fc:00 12978308                   /usr/lib/x86_64-linux-gnu/libplc4.so
7f00099c8000-7f00099c9000 r--p 00003000 fc:00 12978308                   /usr/lib/x86_64-linux-gnu/libplc4.so
7f00099c9000-7f00099ca000 rw-p 00004000 fc:00 12978308                   /usr/lib/x86_64-linux-gnu/libplc4.so
7f00099ca000-7f00099ef000 r-xp 00000000 fc:00 12978310                   /usr/lib/x86_64-linux-gnu/libnssutil3.so
7f00099ef000-7f0009bee000 ---p 00025000 fc:00 12978310                   /usr/lib/x86_64-linux-gnu/libnssutil3.so
7f0009bee000-7f0009bf4000 r--p 00024000 fc:00 12978310                   /usr/lib/x86_64-linux-gnu/libnssutil3.so
7f0009bf4000-7f0009bf5000 rw-p 0002a000 fc:00 12978310                   /usr/lib/x86_64-linux-gnu/libnssutil3.so
7f0009bf5000-7f0009d28000 r-xp 00000000 fc:00 12978313                   /usr/lib/x86_64-linux-gnu/libnss3.so
7f0009d28000-7f0009f27000 ---p 00133000 fc:00 12978313                   /usr/lib/x86_64-linux-gnu/libnss3.so
7f0009f27000-7f0009f2c000 r--p 00132000 fc:00 12978313                   /usr/lib/x86_64-linux-gnu/libnss3.so
7f0009f2c000-7f0009f2e000 rw-p 00137000 fc:00 12978313                   /usr/lib/x86_64-linux-gnu/libnss3.so
7f0009f2e000-7f0009f2f000 rw-p 00000000 00:00 0 
7f0009f2f000-7f0009f3f000 r-xp 00000000 fc:00 13114820                   /usr/lib/jvm/java-7-openjdk-amd64/jre/lib/amd64/libj2pkcs11.so
7f0009f3f000-7f000a13e000 ---p 00010000 fc:00 13114820                   /usr/lib/jvm/java-7-openjdk-amd64/jre/lib/amd64/libj2pkcs11.so
7f000a13e000-7f000a13f000 r--p 0000f000 fc:00 13114820                   /usr/lib/jvm/java-7-openjdk-amd64/jre/lib/amd64/libj2pkcs11.so
7f000a13f000-7f000a140000 rw-p 00010000 fc:00 13114820                   /usr/lib/jvm/java-7-openjdk-amd64/jre/lib/amd64/libj2pkcs11.so
7f000a140000-7f000a18c000 r--s 003e5000 fc:00 4327448                    /home/ilya/.m2/repository/org/scala-lang/scala-reflect/2.11.2/scala-reflect-2.11.2.jar
7f000a18c000-7f000a18f000 ---p 00000000 00:00 0 
7f000a18f000-7f000a2be000 rw-p 00000000 00:00 0                          [stack:26682]
7f000a2be000-7f000a2fb000 r-xp 00000000 fc:00 7868403                    /lib/x86_64-linux-gnu/libpcre.so.3.13.1
7f000a2fb000-7f000a4fa000 ---p 0003d000 fc:00 7868403                    /lib/x86_64-linux-gnu/libpcre.so.3.13.1
7f000a4fa000-7f000a4fb000 r--p 0003c000 fc:00 7868403                    /lib/x86_64-linux-gnu/libpcre.so.3.13.1
7f000a4fb000-7f000a4fc000 rw-p 0003d000 fc:00 7868403                    /lib/x86_64-linux-gnu/libpcre.so.3.13.1
7f000a4fc000-7f000a503000 r-xp 00000000 fc:00 12984183                   /usr/lib/x86_64-linux-gnu/libffi.so.6.0.1
7f000a503000-7f000a702000 ---p 00007000 fc:00 12984183                   /usr/lib/x86_64-linux-gnu/libffi.so.6.0.1
7f000a702000-7f000a703000 r--p 00006000 fc:00 12984183                   /usr/lib/x86_64-linux-gnu/libffi.so.6.0.1
7f000a703000-7f000a704000 rw-p 00007000 fc:00 12984183                   /usr/lib/x86_64-linux-gnu/libffi.so.6.0.1
7f000a704000-7f000a71b000 r-xp 00000000 fc:00 7864339                    /lib/x86_64-linux-gnu/libresolv-2.19.so
7f000a71b000-7f000a91b000 ---p 00017000 fc:00 7864339                    /lib/x86_64-linux-gnu/libresolv-2.19.so
7f000a91b000-7f000a91c000 r--p 00017000 fc:00 7864339                    /lib/x86_64-linux-gnu/libresolv-2.19.so
7f000a91c000-7f000a91d000 rw-p 00018000 fc:00 7864339                    /lib/x86_64-linux-gnu/libresolv-2.19.so
7f000a91d000-7f000a91f000 rw-p 00000000 00:00 0 
7f000a91f000-7f000a93f000 r-xp 00000000 fc:00 7868430                    /lib/x86_64-linux-gnu/libselinux.so.1
7f000a93f000-7f000ab3e000 ---p 00020000 fc:00 7868430                    /lib/x86_64-linux-gnu/libselinux.so.1
7f000ab3e000-7f000ab3f000 r--p 0001f000 fc:00 7868430                    /lib/x86_64-linux-gnu/libselinux.so.1
7f000ab3f000-7f000ab40000 rw-p 00020000 fc:00 7868430                    /lib/x86_64-linux-gnu/libselinux.so.1
7f000ab40000-7f000ab42000 rw-p 00000000 00:00 0 
7f000ab42000-7f000ab45000 r-xp 00000000 fc:00 12976492                   /usr/lib/x86_64-linux-gnu/libgmodule-2.0.so.0.4002.0
7f000ab45000-7f000ad44000 ---p 00003000 fc:00 12976492                   /usr/lib/x86_64-linux-gnu/libgmodule-2.0.so.0.4002.0
7f000ad44000-7f000ad45000 r--p 00002000 fc:00 12976492                   /usr/lib/x86_64-linux-gnu/libgmodule-2.0.so.0.4002.0
7f000ad45000-7f000ad46000 rw-p 00003000 fc:00 12976492                   /usr/lib/x86_64-linux-gnu/libgmodule-2.0.so.0.4002.0
7f000ad46000-7f000ae4c000 r-xp 00000000 fc:00 7864993                    /lib/x86_64-linux-gnu/libglib-2.0.so.0.4002.0
7f000ae4c000-7f000b04b000 ---p 00106000 fc:00 7864993                    /lib/x86_64-linux-gnu/libglib-2.0.so.0.4002.0
7f000b04b000-7f000b04c000 r--p 00105000 fc:00 7864993                    /lib/x86_64-linux-gnu/libglib-2.0.so.0.4002.0
7f000b04c000-7f000b04d000 rw-p 00106000 fc:00 7864993                    /lib/x86_64-linux-gnu/libglib-2.0.so.0.4002.0
7f000b04d000-7f000b04e000 rw-p 00000000 00:00 0 
7f000b04e000-7f000b09d000 r-xp 00000000 fc:00 12976510                   /usr/lib/x86_64-linux-gnu/libgobject-2.0.so.0.4002.0
7f000b09d000-7f000b29d000 ---p 0004f000 fc:00 12976510                   /usr/lib/x86_64-linux-gnu/libgobject-2.0.so.0.4002.0
7f000b29d000-7f000b29e000 r--p 0004f000 fc:00 12976510                   /usr/lib/x86_64-linux-gnu/libgobject-2.0.so.0.4002.0
7f000b29e000-7f000b29f000 rw-p 00050000 fc:00 12976510                   /usr/lib/x86_64-linux-gnu/libgobject-2.0.so.0.4002.0
7f000b29f000-7f000b40b000 r-xp 00000000 fc:00 12976514                   /usr/lib/x86_64-linux-gnu/libgio-2.0.so.0.4002.0
7f000b40b000-7f000b60a000 ---p 0016c000 fc:00 12976514                   /usr/lib/x86_64-linux-gnu/libgio-2.0.so.0.4002.0
7f000b60a000-7f000b60e000 r--p 0016b000 fc:00 12976514                   /usr/lib/x86_64-linux-gnu/libgio-2.0.so.0.4002.0
7f000b60e000-7f000b610000 rw-p 0016f000 fc:00 12976514                   /usr/lib/x86_64-linux-gnu/libgio-2.0.so.0.4002.0
7f000b610000-7f000b612000 rw-p 00000000 00:00 0 
7f000b612000-7f000b629000 r-xp 00000000 fc:00 13114809                   /usr/lib/jvm/java-7-openjdk-amd64/jre/lib/amd64/libnet.so
7f000b629000-7f000b828000 ---p 00017000 fc:00 13114809                   /usr/lib/jvm/java-7-openjdk-amd64/jre/lib/amd64/libnet.so
7f000b828000-7f000b829000 r--p 00016000 fc:00 13114809                   /usr/lib/jvm/java-7-openjdk-amd64/jre/lib/amd64/libnet.so
7f000b829000-7f000b82a000 rw-p 00017000 fc:00 13114809                   /usr/lib/jvm/java-7-openjdk-amd64/jre/lib/amd64/libnet.so
7f000b82a000-7f000b83a000 r-xp 00000000 fc:00 13114824                   /usr/lib/jvm/java-7-openjdk-amd64/jre/lib/amd64/libnio.so
7f000b83a000-7f000ba3a000 ---p 00010000 fc:00 13114824                   /usr/lib/jvm/java-7-openjdk-amd64/jre/lib/amd64/libnio.so
7f000ba3a000-7f000ba3b000 r--p 00010000 fc:00 13114824                   /usr/lib/jvm/java-7-openjdk-amd64/jre/lib/amd64/libnio.so
7f000ba3b000-7f000ba3c000 rw-p 00011000 fc:00 13114824                   /usr/lib/jvm/java-7-openjdk-amd64/jre/lib/amd64/libnio.so
7f000ba3c000-7f000baa2000 r--s 0066b000 fc:00 4327447                    /home/ilya/.m2/repository/org/scalatest/scalatest_2.11/2.2.1/scalatest_2.11-2.2.1.jar
7f000baa2000-7f000bafb000 r--s 004f0000 fc:00 3277621                    /home/ilya/.m2/repository/org/scala-lang/scala-library/2.11.1/scala-library-2.11.1.jar
7f000bafb000-7f000bafc000 ---p 00000000 00:00 0 
7f000bafc000-7f000bbfc000 rw-p 00000000 00:00 0                          [stack:26681]
7f000bbfc000-7f000bbff000 ---p 00000000 00:00 0 
7f000bbff000-7f000bcfd000 rw-p 00000000 00:00 0                          [stack:26680]
7f000bcfd000-7f000bd00000 ---p 00000000 00:00 0 
7f000bd00000-7f000bdfe000 rw-p 00000000 00:00 0                          [stack:26679]
7f000bdfe000-7f000be01000 ---p 00000000 00:00 0 
7f000be01000-7f000beff000 rw-p 00000000 00:00 0                          [stack:26678]
7f000beff000-7f000bf02000 ---p 00000000 00:00 0 
7f000bf02000-7f000c000000 rw-p 00000000 00:00 0                          [stack:26675]
7f000c000000-7f000c021000 rw-p 00000000 00:00 0 
7f000c021000-7f0010000000 ---p 00000000 00:00 0 
7f0010030000-7f0010033000 r--s 00017000 fc:00 13114851                   /usr/lib/jvm/java-7-openjdk-amd64/jre/lib/jce.jar
7f0010033000-7f001003d000 r--s 00095000 fc:00 4327256                    /home/ilya/.m2/repository/org/scala-lang/modules/scala-xml_2.11/1.0.2/scala-xml_2.11-1.0.2.jar
7f001003d000-7f001004d000 r--s 001db000 fc:00 3277624                    /home/ilya/.m2/repository/org/scaloid/scaloid_2.11/3.4-10/scaloid_2.11-3.4-10.jar
7f001004d000-7f00100ee000 r--s 00bb9000 fc:00 4327238                    /home/ilya/.m2/repository/com/google/android/android/4.1.1.4/android-4.1.1.4.jar
7f00100ee000-7f00100f1000 ---p 00000000 00:00 0 
7f00100f1000-7f00101ef000 rw-p 00000000 00:00 0                          [stack:26674]
7f00101ef000-7f00101f2000 ---p 00000000 00:00 0 
7f00101f2000-7f00102f0000 rw-p 00000000 00:00 0                          [stack:26673]
7f00102f0000-7f00102f4000 r-xp 00000000 fc:00 13114815                   /usr/lib/jvm/java-7-openjdk-amd64/jre/lib/amd64/libdt_socket.so
7f00102f4000-7f00104f3000 ---p 00004000 fc:00 13114815                   /usr/lib/jvm/java-7-openjdk-amd64/jre/lib/amd64/libdt_socket.so
7f00104f3000-7f00104f4000 r--p 00003000 fc:00 13114815                   /usr/lib/jvm/java-7-openjdk-amd64/jre/lib/amd64/libdt_socket.so
7f00104f4000-7f00104f5000 rw-p 00004000 fc:00 13114815                   /usr/lib/jvm/java-7-openjdk-amd64/jre/lib/amd64/libdt_socket.so
7f00104f5000-7f00104f8000 ---p 00000000 00:00 0 
7f00104f8000-7f00105f6000 rw-p 00000000 00:00 0                          [stack:26672]
7f00105f6000-7f00105f9000 ---p 00000000 00:00 0 
7f00105f9000-7f00106f7000 rw-p 00000000 00:00 0                          [stack:26671]
7f00106f7000-7f00106fa000 ---p 00000000 00:00 0 
7f00106fa000-7f00107f8000 rw-p 00000000 00:00 0                          [stack:26670]
7f00107f8000-7f00107f9000 ---p 00000000 00:00 0 
7f00107f9000-7f0011000000 rw-p 00000000 00:00 0                          [stack:26669]
7f0011000000-7f0011270000 rwxp 00000000 00:00 0 
7f0011270000-7f0014788000 rw-p 00000000 00:00 0 
7f0014788000-7f0018000000 ---p 00000000 00:00 0 
7f0018000000-7f0018002000 rw-p 00000000 00:00 0 
7f0018002000-7f0018007000 r--s 0004c000 fc:00 13114849                   /usr/lib/jvm/java-7-openjdk-amd64/jre/lib/jsse.jar
7f0018007000-7f0018009000 r--s 00016000 fc:00 4458025                    /home/ilya/DownloadedPrograms/idea-IC-139.225.3/lib/idea_rt.jar
7f0018009000-7f001800b000 r--s 00008000 fc:00 3277618                    /home/ilya/.m2/repository/org/json/json/20080701/json-20080701.jar
7f001800b000-7f001800e000 r--s 0001b000 fc:00 3277616                    /home/ilya/.m2/repository/xpp3/xpp3/1.1.4c/xpp3-1.1.4c.jar
7f001800e000-7f0018014000 r--s 00019000 fc:00 3277615                    /home/ilya/.m2/repository/xerces/xmlParserAPIs/2.6.2/xmlParserAPIs-2.6.2.jar
7f0018014000-7f0018015000 r--s 00004000 fc:00 3277610                    /home/ilya/.m2/repository/org/khronos/opengl-api/gl1.1-android-2.1_r1/opengl-api-gl1.1-android-2.1_r1.jar
7f0018015000-7f0018017000 r--s 0000a000 fc:00 3277608                    /home/ilya/.m2/repository/commons-codec/commons-codec/1.3/commons-codec-1.3.jar
7f0018017000-7f001801c000 r--s 00026000 fc:00 3277609                    /home/ilya/.m2/repository/org/apache/httpcomponents/httpcore/4.0.1/httpcore-4.0.1.jar
7f001801c000-7f0018024000 r--s 00040000 fc:00 3277611                    /home/ilya/.m2/repository/org/apache/httpcomponents/httpclient/4.0.1/httpclient-4.0.1.jar
7f0018024000-7f001802e000 r--s 00203000 fc:00 13114853                   /usr/lib/jvm/java-7-openjdk-amd64/jre/lib/charsets.jar
7f001802e000-7f001803c000 r--s 0010f000 fc:00 13114796                   /usr/lib/jvm/java-7-openjdk-amd64/jre/lib/rhino.jar
7f001803c000-7f0018932000 rw-p 00000000 00:00 0 
7f0018932000-7f0018ae3000 r--s 01d25000 fc:00 13114865                   /usr/lib/jvm/java-7-openjdk-amd64/jre/lib/rt.jar
7f0018ae3000-7f0019028000 rw-p 00000000 00:00 0 
7f0019028000-7f0019029000 ---p 00000000 00:00 0 
7f0019029000-7f0019129000 rw-p 00000000 00:00 0                          [stack:26668]
7f0019129000-7f001912a000 ---p 00000000 00:00 0 
7f001912a000-7f001922a000 rw-p 00000000 00:00 0                          [stack:26667]
7f001922a000-7f001922b000 ---p 00000000 00:00 0 
7f001922b000-7f001932b000 rw-p 00000000 00:00 0                          [stack:26666]
7f001932b000-7f001932c000 ---p 00000000 00:00 0 
7f001932c000-7f0019437000 rw-p 00000000 00:00 0                          [stack:26665]
7f0019437000-7f001947f000 rw-p 00000000 00:00 0 
7f001947f000-7f00194a8000 rw-p 00000000 00:00 0 
7f00194a8000-7f0019709000 rw-p 00000000 00:00 0 
7f0019709000-7f0019714000 rw-p 00000000 00:00 0 
7f0019714000-7f001975c000 rw-p 00000000 00:00 0 
7f001975c000-7f0019785000 rw-p 00000000 00:00 0 
7f0019785000-7f00199e6000 rw-p 00000000 00:00 0 
7f00199e6000-7f0019a0a000 rw-p 00000000 00:00 0 
7f0019a0a000-7f0019b2b000 rw-p 00000000 00:00 0 
7f0019b2b000-7f0019b2c000 rw-p 00000000 00:00 0 
7f0019b2c000-7f0019b34000 r-xp 00000000 fc:00 13114801                   /usr/lib/jvm/java-7-openjdk-amd64/jre/lib/amd64/libzip.so
7f0019b34000-7f0019d33000 ---p 00008000 fc:00 13114801                   /usr/lib/jvm/java-7-openjdk-amd64/jre/lib/amd64/libzip.so
7f0019d33000-7f0019d34000 r--p 00007000 fc:00 13114801                   /usr/lib/jvm/java-7-openjdk-amd64/jre/lib/amd64/libzip.so
7f0019d34000-7f0019d35000 rw-p 00008000 fc:00 13114801                   /usr/lib/jvm/java-7-openjdk-amd64/jre/lib/amd64/libzip.so
7f0019d35000-7f0019d40000 r-xp 00000000 fc:00 7864419                    /lib/x86_64-linux-gnu/libnss_files-2.19.so
7f0019d40000-7f0019f3f000 ---p 0000b000 fc:00 7864419                    /lib/x86_64-linux-gnu/libnss_files-2.19.so
7f0019f3f000-7f0019f40000 r--p 0000a000 fc:00 7864419                    /lib/x86_64-linux-gnu/libnss_files-2.19.so
7f0019f40000-7f0019f41000 rw-p 0000b000 fc:00 7864419                    /lib/x86_64-linux-gnu/libnss_files-2.19.so
7f0019f41000-7f0019f4c000 r-xp 00000000 fc:00 7864420                    /lib/x86_64-linux-gnu/libnss_nis-2.19.so
7f0019f4c000-7f001a14b000 ---p 0000b000 fc:00 7864420                    /lib/x86_64-linux-gnu/libnss_nis-2.19.so
7f001a14b000-7f001a14c000 r--p 0000a000 fc:00 7864420                    /lib/x86_64-linux-gnu/libnss_nis-2.19.so
7f001a14c000-7f001a14d000 rw-p 0000b000 fc:00 7864420                    /lib/x86_64-linux-gnu/libnss_nis-2.19.so
7f001a14d000-7f001a164000 r-xp 00000000 fc:00 7864346                    /lib/x86_64-linux-gnu/libnsl-2.19.so
7f001a164000-7f001a363000 ---p 00017000 fc:00 7864346                    /lib/x86_64-linux-gnu/libnsl-2.19.so
7f001a363000-7f001a364000 r--p 00016000 fc:00 7864346                    /lib/x86_64-linux-gnu/libnsl-2.19.so
7f001a364000-7f001a365000 rw-p 00017000 fc:00 7864346                    /lib/x86_64-linux-gnu/libnsl-2.19.so
7f001a365000-7f001a367000 rw-p 00000000 00:00 0 
7f001a367000-7f001a370000 r-xp 00000000 fc:00 7864325                    /lib/x86_64-linux-gnu/libnss_compat-2.19.so
7f001a370000-7f001a56f000 ---p 00009000 fc:00 7864325                    /lib/x86_64-linux-gnu/libnss_compat-2.19.so
7f001a56f000-7f001a570000 r--p 00008000 fc:00 7864325                    /lib/x86_64-linux-gnu/libnss_compat-2.19.so
7f001a570000-7f001a571000 rw-p 00009000 fc:00 7864325                    /lib/x86_64-linux-gnu/libnss_compat-2.19.so
7f001a571000-7f001ad88000 r--p 00000000 fc:00 12982910                   /usr/lib/locale/locale-archive
7f001ad88000-7f001ad8b000 r-xp 00000000 fc:00 13114826                   /usr/lib/jvm/java-7-openjdk-amd64/jre/lib/amd64/libnpt.so
7f001ad8b000-7f001af8a000 ---p 00003000 fc:00 13114826                   /usr/lib/jvm/java-7-openjdk-amd64/jre/lib/amd64/libnpt.so
7f001af8a000-7f001af8b000 r--p 00002000 fc:00 13114826                   /usr/lib/jvm/java-7-openjdk-amd64/jre/lib/amd64/libnpt.so
7f001af8b000-7f001af8c000 rw-p 00003000 fc:00 13114826                   /usr/lib/jvm/java-7-openjdk-amd64/jre/lib/amd64/libnpt.so
7f001af8c000-7f001afc6000 r-xp 00000000 fc:00 13114821                   /usr/lib/jvm/java-7-openjdk-amd64/jre/lib/amd64/libjdwp.so
7f001afc6000-7f001b1c5000 ---p 0003a000 fc:00 13114821                   /usr/lib/jvm/java-7-openjdk-amd64/jre/lib/amd64/libjdwp.so
7f001b1c5000-7f001b1c6000 r--p 00039000 fc:00 13114821                   /usr/lib/jvm/java-7-openjdk-amd64/jre/lib/amd64/libjdwp.so
7f001b1c6000-7f001b1c7000 rw-p 0003a000 fc:00 13114821                   /usr/lib/jvm/java-7-openjdk-amd64/jre/lib/amd64/libjdwp.so
7f001b1c7000-7f001b1f2000 r-xp 00000000 fc:00 13114808                   /usr/lib/jvm/java-7-openjdk-amd64/jre/lib/amd64/libjava.so
7f001b1f2000-7f001b3f1000 ---p 0002b000 fc:00 13114808                   /usr/lib/jvm/java-7-openjdk-amd64/jre/lib/amd64/libjava.so
7f001b3f1000-7f001b3f2000 r--p 0002a000 fc:00 13114808                   /usr/lib/jvm/java-7-openjdk-amd64/jre/lib/amd64/libjava.so
7f001b3f2000-7f001b3f4000 rw-p 0002b000 fc:00 13114808                   /usr/lib/jvm/java-7-openjdk-amd64/jre/lib/amd64/libjava.so
7f001b3f4000-7f001b404000 r-xp 00000000 fc:00 13114823                   /usr/lib/jvm/java-7-openjdk-amd64/jre/lib/amd64/libverify.so
7f001b404000-7f001b603000 ---p 00010000 fc:00 13114823                   /usr/lib/jvm/java-7-openjdk-amd64/jre/lib/amd64/libverify.so
7f001b603000-7f001b605000 r--p 0000f000 fc:00 13114823                   /usr/lib/jvm/java-7-openjdk-amd64/jre/lib/amd64/libverify.so
7f001b605000-7f001b606000 rw-p 00011000 fc:00 13114823                   /usr/lib/jvm/java-7-openjdk-amd64/jre/lib/amd64/libverify.so
7f001b606000-7f001b60d000 r-xp 00000000 fc:00 7864350                    /lib/x86_64-linux-gnu/librt-2.19.so
7f001b60d000-7f001b80c000 ---p 00007000 fc:00 7864350                    /lib/x86_64-linux-gnu/librt-2.19.so
7f001b80c000-7f001b80d000 r--p 00006000 fc:00 7864350                    /lib/x86_64-linux-gnu/librt-2.19.so
7f001b80d000-7f001b80e000 rw-p 00007000 fc:00 7864350                    /lib/x86_64-linux-gnu/librt-2.19.so
7f001b80e000-7f001b824000 r-xp 00000000 fc:00 7868277                    /lib/x86_64-linux-gnu/libgcc_s.so.1
7f001b824000-7f001ba23000 ---p 00016000 fc:00 7868277                    /lib/x86_64-linux-gnu/libgcc_s.so.1
7f001ba23000-7f001ba24000 rw-p 00015000 fc:00 7868277                    /lib/x86_64-linux-gnu/libgcc_s.so.1
7f001ba24000-7f001bb29000 r-xp 00000000 fc:00 7864415                    /lib/x86_64-linux-gnu/libm-2.19.so
7f001bb29000-7f001bd28000 ---p 00105000 fc:00 7864415                    /lib/x86_64-linux-gnu/libm-2.19.so
7f001bd28000-7f001bd29000 r--p 00104000 fc:00 7864415                    /lib/x86_64-linux-gnu/libm-2.19.so
7f001bd29000-7f001bd2a000 rw-p 00105000 fc:00 7864415                    /lib/x86_64-linux-gnu/libm-2.19.so
7f001bd2a000-7f001be10000 r-xp 00000000 fc:00 12984811                   /usr/lib/x86_64-linux-gnu/libstdc++.so.6.0.19
7f001be10000-7f001c00f000 ---p 000e6000 fc:00 12984811                   /usr/lib/x86_64-linux-gnu/libstdc++.so.6.0.19
7f001c00f000-7f001c017000 r--p 000e5000 fc:00 12984811                   /usr/lib/x86_64-linux-gnu/libstdc++.so.6.0.19
7f001c017000-7f001c019000 rw-p 000ed000 fc:00 12984811                   /usr/lib/x86_64-linux-gnu/libstdc++.so.6.0.19
7f001c019000-7f001c02e000 rw-p 00000000 00:00 0 
7f001c02e000-7f001cb44000 r-xp 00000000 fc:00 13114830                   /usr/lib/jvm/java-7-openjdk-amd64/jre/lib/amd64/server/libjvm.so
7f001cb44000-7f001cd43000 ---p 00b16000 fc:00 13114830                   /usr/lib/jvm/java-7-openjdk-amd64/jre/lib/amd64/server/libjvm.so
7f001cd43000-7f001cddd000 r--p 00b15000 fc:00 13114830                   /usr/lib/jvm/java-7-openjdk-amd64/jre/lib/amd64/server/libjvm.so
7f001cddd000-7f001ce00000 rw-p 00baf000 fc:00 13114830                   /usr/lib/jvm/java-7-openjdk-amd64/jre/lib/amd64/server/libjvm.so
7f001ce00000-7f001ce2e000 rw-p 00000000 00:00 0 
7f001ce2e000-7f001ce46000 r-xp 00000000 fc:00 7868463                    /lib/x86_64-linux-gnu/libz.so.1.2.8
7f001ce46000-7f001d045000 ---p 00018000 fc:00 7868463                    /lib/x86_64-linux-gnu/libz.so.1.2.8
7f001d045000-7f001d046000 r--p 00017000 fc:00 7868463                    /lib/x86_64-linux-gnu/libz.so.1.2.8
7f001d046000-7f001d047000 rw-p 00018000 fc:00 7868463                    /lib/x86_64-linux-gnu/libz.so.1.2.8
7f001d047000-7f001d060000 r-xp 00000000 fc:00 7868230                    /lib/x86_64-linux-gnu/libpthread-2.19.so
7f001d060000-7f001d25f000 ---p 00019000 fc:00 7868230                    /lib/x86_64-linux-gnu/libpthread-2.19.so
7f001d25f000-7f001d260000 r--p 00018000 fc:00 7868230                    /lib/x86_64-linux-gnu/libpthread-2.19.so
7f001d260000-7f001d261000 rw-p 00019000 fc:00 7868230                    /lib/x86_64-linux-gnu/libpthread-2.19.so
7f001d261000-7f001d265000 rw-p 00000000 00:00 0 
7f001d265000-7f001d268000 r-xp 00000000 fc:00 7864424                    /lib/x86_64-linux-gnu/libdl-2.19.so
7f001d268000-7f001d467000 ---p 00003000 fc:00 7864424                    /lib/x86_64-linux-gnu/libdl-2.19.so
7f001d467000-7f001d468000 r--p 00002000 fc:00 7864424                    /lib/x86_64-linux-gnu/libdl-2.19.so
7f001d468000-7f001d469000 rw-p 00003000 fc:00 7864424                    /lib/x86_64-linux-gnu/libdl-2.19.so
7f001d469000-7f001d624000 r-xp 00000000 fc:00 7864412                    /lib/x86_64-linux-gnu/libc-2.19.so
7f001d624000-7f001d824000 ---p 001bb000 fc:00 7864412                    /lib/x86_64-linux-gnu/libc-2.19.so
7f001d824000-7f001d828000 r--p 001bb000 fc:00 7864412                    /lib/x86_64-linux-gnu/libc-2.19.so
7f001d828000-7f001d82a000 rw-p 001bf000 fc:00 7864412                    /lib/x86_64-linux-gnu/libc-2.19.so
7f001d82a000-7f001d82f000 rw-p 00000000 00:00 0 
7f001d82f000-7f001d83c000 r-xp 00000000 fc:00 13114806                   /usr/lib/jvm/java-7-openjdk-amd64/jre/lib/amd64/jli/libjli.so
7f001d83c000-7f001da3b000 ---p 0000d000 fc:00 13114806                   /usr/lib/jvm/java-7-openjdk-amd64/jre/lib/amd64/jli/libjli.so
7f001da3b000-7f001da3c000 r--p 0000c000 fc:00 13114806                   /usr/lib/jvm/java-7-openjdk-amd64/jre/lib/amd64/jli/libjli.so
7f001da3c000-7f001da3d000 rw-p 0000d000 fc:00 13114806                   /usr/lib/jvm/java-7-openjdk-amd64/jre/lib/amd64/jli/libjli.so
7f001da3d000-7f001da60000 r-xp 00000000 fc:00 7864413                    /lib/x86_64-linux-gnu/ld-2.19.so
7f001da60000-7f001da62000 r--s 0000d000 fc:00 3015617                    /home/ilya/.m2/repository/commons-logging/commons-logging/1.1.1/commons-logging-1.1.1.jar
7f001da62000-7f001da63000 r--s 00000000 fc:00 13114848                   /usr/lib/jvm/java-7-openjdk-amd64/jre/lib/compilefontconfig.jar
7f001da63000-7f001da6c000 r--s 000b9000 fc:00 13114792                   /usr/lib/jvm/java-7-openjdk-amd64/jre/lib/resources.jar
7f001da6c000-7f001da6d000 r--s 0000a000 fc:00 13114852                   /usr/lib/jvm/java-7-openjdk-amd64/jre/lib/javazic.jar
7f001da6d000-7f001da6e000 r--s 00000000 fc:00 13114838                   /usr/lib/jvm/java-7-openjdk-amd64/jre/lib/management-agent.jar
7f001da6e000-7f001da71000 r--s 00017000 fc:00 13114851                   /usr/lib/jvm/java-7-openjdk-amd64/jre/lib/jce.jar
7f001da71000-7f001da76000 r--s 0004c000 fc:00 13114849                   /usr/lib/jvm/java-7-openjdk-amd64/jre/lib/jsse.jar
7f001da76000-7f001da78000 r--s 00012000 fc:00 8914435                    /home/ilya/.IdeaIC14/config/plugins/Scala/lib/scala-plugin-runners.jar
7f001da78000-7f001da82000 rw-p 00000000 00:00 0 
7f001da82000-7f001db38000 rw-p 00000000 00:00 0 
7f001db38000-7f001db3b000 ---p 00000000 00:00 0 
7f001db3b000-7f001dc3e000 rw-p 00000000 00:00 0                          [stack:26664]
7f001dc3e000-7f001dc3f000 r--s 00000000 fc:00 9313569                    /home/ilya/Downloads/android-sdk-linux/tools/support/annotations.jar
7f001dc3f000-7f001dc43000 r--s 00085000 fc:00 13243847                   /usr/lib/jvm/java-7-openjdk-amd64/jre/lib/ext/localedata.jar
7f001dc43000-7f001dc46000 r--s 0000f000 fc:00 13243844                   /usr/lib/jvm/java-7-openjdk-amd64/jre/lib/ext/icedtea-sound.jar
7f001dc46000-7f001dc48000 r--s 00012000 fc:00 13243845                   /usr/lib/jvm/java-7-openjdk-amd64/jre/lib/ext/zipfs.jar
7f001dc48000-7f001dc4c000 r--s 0003c000 fc:00 13243846                   /usr/lib/jvm/java-7-openjdk-amd64/jre/lib/ext/sunpkcs11.jar
7f001dc4c000-7f001dc4d000 r--s 00002000 fc:00 13243849                   /usr/lib/jvm/java-7-openjdk-amd64/jre/lib/ext/dnsns.jar
7f001dc4d000-7f001dc51000 r--s 00034000 fc:00 13243848                   /usr/lib/jvm/java-7-openjdk-amd64/jre/lib/ext/sunjce_provider.jar
7f001dc51000-7f001dc53000 r--s 00006000 fc:00 13377606                   /usr/share/java/java-atk-wrapper.jar
7f001dc53000-7f001dc5b000 rw-s 00000000 fc:00 1703996                    /tmp/hsperfdata_ilya/26663
7f001dc5b000-7f001dc5c000 rw-p 00000000 00:00 0 
7f001dc5c000-7f001dc5d000 r--p 00000000 00:00 0 
7f001dc5d000-7f001dc5f000 rw-p 00000000 00:00 0 
7f001dc5f000-7f001dc60000 r--p 00022000 fc:00 7864413                    /lib/x86_64-linux-gnu/ld-2.19.so
7f001dc60000-7f001dc61000 rw-p 00023000 fc:00 7864413                    /lib/x86_64-linux-gnu/ld-2.19.so
7f001dc61000-7f001dc62000 rw-p 00000000 00:00 0 
7fffad280000-7fffad2a2000 rw-p 00000000 00:00 0                          [stack]
7fffad3fe000-7fffad400000 r-xp 00000000 00:00 0                          [vdso]
ffffffffff600000-ffffffffff601000 r-xp 00000000 00:00 0                  [vsyscall]

VM Arguments:
jvm_args: -agentlib:jdwp=transport=dt_socket,address=127.0.0.1:60205,suspend=y,server=n -Dfile.encoding=UTF-8 
java_command: org.jetbrains.plugins.scala.testingSupport.scalaTest.ScalaTestRunner -s com.gluckentext.WikiPageParserTests com.gluckentext.WikiPageLoaderTests -showProgressMessages true -C org.jetbrains.plugins.scala.testingSupport.scalaTest.ScalaTestReporter
Launcher Type: SUN_STANDARD

Environment Variables:
CLASSPATH=/home/ilya/DownloadedPrograms/idea-IC-139.225.3/bin/../lib/bootstrap.jar:/home/ilya/DownloadedPrograms/idea-IC-139.225.3/bin/../lib/extensions.jar:/home/ilya/DownloadedPrograms/idea-IC-139.225.3/bin/../lib/util.jar:/home/ilya/DownloadedPrograms/idea-IC-139.225.3/bin/../lib/jdom.jar:/home/ilya/DownloadedPrograms/idea-IC-139.225.3/bin/../lib/log4j.jar:/home/ilya/DownloadedPrograms/idea-IC-139.225.3/bin/../lib/trove4j.jar:/home/ilya/DownloadedPrograms/idea-IC-139.225.3/bin/../lib/jna.jar:/usr/lib/jvm/java-7-openjdk-amd64/lib/tools.jar
PATH=/usr/local/sbin:/usr/local/bin:/usr/sbin:/usr/bin:/sbin:/bin:/usr/games:/usr/local/games
LD_LIBRARY_PATH=/home/ilya/DownloadedPrograms/idea-IC-139.225.3/bin:
SHELL=/bin/bash
DISPLAY=:0.0

Signal Handlers:
SIGSEGV: [libjvm.so+0x9495e0], sa_mask[0]=0x7ffbfeff, sa_flags=0x10000004
SIGBUS: [libjvm.so+0x9495e0], sa_mask[0]=0x7ffbfeff, sa_flags=0x10000004
SIGFPE: [libjvm.so+0x7c3410], sa_mask[0]=0x7ffbfeff, sa_flags=0x10000004
SIGPIPE: SIG_IGN, sa_mask[0]=0x00000000, sa_flags=0x00000000
SIGXFSZ: [libjvm.so+0x7c3410], sa_mask[0]=0x7ffbfeff, sa_flags=0x10000004
SIGILL: [libjvm.so+0x7c3410], sa_mask[0]=0x7ffbfeff, sa_flags=0x10000004
SIGUSR1: SIG_DFL, sa_mask[0]=0x00000000, sa_flags=0x00000000
SIGUSR2: [libjvm.so+0x7c32b0], sa_mask[0]=0x00000004, sa_flags=0x10000004
SIGHUP: [libjvm.so+0x7c3490], sa_mask[0]=0x7ffbfeff, sa_flags=0x10000004
SIGINT: [libjvm.so+0x7c3490], sa_mask[0]=0x7ffbfeff, sa_flags=0x10000004
SIGTERM: [libjvm.so+0x7c3490], sa_mask[0]=0x7ffbfeff, sa_flags=0x10000004
SIGQUIT: [libjvm.so+0x7c3490], sa_mask[0]=0x7ffbfeff, sa_flags=0x10000004
SIGTRAP: SIG_DFL, sa_mask[0]=0x00000000, sa_flags=0x00000000


---------------  S Y S T E M  ---------------

OS:Ubuntu 14.04 (trusty)
uname:Linux 3.13.0-39-generic #66-Ubuntu SMP Tue Oct 28 13:30:27 UTC 2014 x86_64
libc:glibc 2.19 NPTL 2.19 
rlimit: STACK 8192k, CORE 0k, NPROC 62183, NOFILE 4096, AS infinity
load average:0.97 0.90 0.49

/proc/meminfo:
MemTotal:        7981892 kB
MemFree:          625312 kB
Buffers:           80844 kB
Cached:          1682968 kB
SwapCached:        84548 kB
Active:          5208640 kB
Inactive:        1734132 kB
Active(anon):    4534836 kB
Inactive(anon):  1108080 kB
Active(file):     673804 kB
Inactive(file):   626052 kB
Unevictable:          16 kB
Mlocked:              16 kB
SwapTotal:       8187900 kB
SwapFree:        7782992 kB
Dirty:               120 kB
Writeback:             0 kB
AnonPages:       5117140 kB
Mapped:           213264 kB
Shmem:            463956 kB
Slab:             237536 kB
SReclaimable:     189884 kB
SUnreclaim:        47652 kB
KernelStack:        7032 kB
PageTables:        66452 kB
NFS_Unstable:          0 kB
Bounce:                0 kB
WritebackTmp:          0 kB
CommitLimit:    12178844 kB
Committed_AS:   13813064 kB
VmallocTotal:   34359738367 kB
VmallocUsed:      358780 kB
VmallocChunk:   34359371024 kB
HardwareCorrupted:     0 kB
AnonHugePages:   2637824 kB
HugePages_Total:       0
HugePages_Free:        0
HugePages_Rsvd:        0
HugePages_Surp:        0
Hugepagesize:       2048 kB
DirectMap4k:       73348 kB
DirectMap2M:     8118272 kB


CPU:total 4 (4 cores per cpu, 1 threads per core) family 6 model 23 stepping 10, cmov, cx8, fxsr, mmx, sse, sse2, sse3, ssse3, sse4.1, tsc

/proc/cpuinfo:
processor	: 0
vendor_id	: GenuineIntel
cpu family	: 6
model		: 23
model name	: Intel(R) Core(TM)2 Quad CPU    Q9400  @ 2.66GHz
stepping	: 10
microcode	: 0xa07
cpu MHz		: 1998.000
cache size	: 3072 KB
physical id	: 0
siblings	: 4
core id		: 0
cpu cores	: 4
apicid		: 0
initial apicid	: 0
fpu		: yes
fpu_exception	: yes
cpuid level	: 13
wp		: yes
flags		: fpu vme de pse tsc msr pae mce cx8 apic sep mtrr pge mca cmov pat pse36 clflush dts acpi mmx fxsr sse sse2 ss ht tm pbe syscall nx lm constant_tsc arch_perfmon pebs bts rep_good nopl aperfmperf pni dtes64 monitor ds_cpl vmx smx est tm2 ssse3 cx16 xtpr pdcm sse4_1 xsave lahf_lm dtherm tpr_shadow vnmi flexpriority
bogomips	: 5320.11
clflush size	: 64
cache_alignment	: 64
address sizes	: 36 bits physical, 48 bits virtual
power management:

processor	: 1
vendor_id	: GenuineIntel
cpu family	: 6
model		: 23
model name	: Intel(R) Core(TM)2 Quad CPU    Q9400  @ 2.66GHz
stepping	: 10
microcode	: 0xa07
cpu MHz		: 2667.000
cache size	: 3072 KB
physical id	: 0
siblings	: 4
core id		: 2
cpu cores	: 4
apicid		: 2
initial apicid	: 2
fpu		: yes
fpu_exception	: yes
cpuid level	: 13
wp		: yes
flags		: fpu vme de pse tsc msr pae mce cx8 apic sep mtrr pge mca cmov pat pse36 clflush dts acpi mmx fxsr sse sse2 ss ht tm pbe syscall nx lm constant_tsc arch_perfmon pebs bts rep_good nopl aperfmperf pni dtes64 monitor ds_cpl vmx smx est tm2 ssse3 cx16 xtpr pdcm sse4_1 xsave lahf_lm dtherm tpr_shadow vnmi flexpriority
bogomips	: 5320.11
clflush size	: 64
cache_alignment	: 64
address sizes	: 36 bits physical, 48 bits virtual
power management:

processor	: 2
vendor_id	: GenuineIntel
cpu family	: 6
model		: 23
model name	: Intel(R) Core(TM)2 Quad CPU    Q9400  @ 2.66GHz
stepping	: 10
microcode	: 0xa07
cpu MHz		: 1998.000
cache size	: 3072 KB
physical id	: 0
siblings	: 4
core id		: 1
cpu cores	: 4
apicid		: 1
initial apicid	: 1
fpu		: yes
fpu_exception	: yes
cpuid level	: 13
wp		: yes
flags		: fpu vme de pse tsc msr pae mce cx8 apic sep mtrr pge mca cmov pat pse36 clflush dts acpi mmx fxsr sse sse2 ss ht tm pbe syscall nx lm constant_tsc arch_perfmon pebs bts rep_good nopl aperfmperf pni dtes64 monitor ds_cpl vmx smx est tm2 ssse3 cx16 xtpr pdcm sse4_1 xsave lahf_lm dtherm tpr_shadow vnmi flexpriority
bogomips	: 5320.11
clflush size	: 64
cache_alignment	: 64
address sizes	: 36 bits physical, 48 bits virtual
power management:

processor	: 3
vendor_id	: GenuineIntel
cpu family	: 6
model		: 23
model name	: Intel(R) Core(TM)2 Quad CPU    Q9400  @ 2.66GHz
stepping	: 10
microcode	: 0xa07
cpu MHz		: 2667.000
cache size	: 3072 KB
physical id	: 0
siblings	: 4
core id		: 3
cpu cores	: 4
apicid		: 3
initial apicid	: 3
fpu		: yes
fpu_exception	: yes
cpuid level	: 13
wp		: yes
flags		: fpu vme de pse tsc msr pae mce cx8 apic sep mtrr pge mca cmov pat pse36 clflush dts acpi mmx fxsr sse sse2 ss ht tm pbe syscall nx lm constant_tsc arch_perfmon pebs bts rep_good nopl aperfmperf pni dtes64 monitor ds_cpl vmx smx est tm2 ssse3 cx16 xtpr pdcm sse4_1 xsave lahf_lm dtherm tpr_shadow vnmi flexpriority
bogomips	: 5320.11
clflush size	: 64
cache_alignment	: 64
address sizes	: 36 bits physical, 48 bits virtual
power management:



Memory: 4k page, physical 7981892k(625312k free), swap 8187900k(7782992k free)

vm_info: OpenJDK 64-Bit Server VM (24.65-b04) for linux-amd64 JRE (1.7.0_65-b32), built on Oct 22 2014 04:37:44 by "buildd" with gcc 4.8.2

time: Tue Nov 25 08:46:23 2014
elapsed time: 26333 seconds

